[ 2026-05-29 08:34:52,914 ] 1025 httpx - INFO -HTTP Request: GET https://dagshub.com/api/v1/user "HTTP/1.1 200 OK"
[ 2026-05-29 08:34:52,930 ] 107 dagshub - INFO -Accessing as pavani96-ai
[ 2026-05-29 08:34:54,187 ] 1025 httpx - INFO -HTTP Request: GET https://dagshub.com/api/v1/repos/pavani96-ai/network_security1 "HTTP/1.1 200 OK"
[ 2026-05-29 08:34:55,501 ] 1025 httpx - INFO -HTTP Request: GET https://dagshub.com/api/v1/user "HTTP/1.1 200 OK"
[ 2026-05-29 08:34:55,503 ] 107 dagshub - INFO -Initialized MLflow to track repo "pavani96-ai/network_security1"
[ 2026-05-29 08:34:55,504 ] 107 dagshub - INFO -Repository pavani96-ai/network_security1 initialized!
[ 2026-05-29 08:34:55,504 ] 16 root - INFO -initiate the data ingestion
[ 2026-05-29 08:35:07,863 ] 67 root - INFO -Performed train test split on the dataframe
[ 2026-05-29 08:35:07,863 ] 69 root - INFO -Exited split_data_as_train_test method of Data_Ingestion class
[ 2026-05-29 08:35:07,865 ] 77 root - INFO -Exporting train and test file path.
[ 2026-05-29 08:35:07,925 ] 86 root - INFO -Exported train and test file path.
[ 2026-05-29 08:35:07,931 ] 21 root - INFO -Initiate the data Validation
[ 2026-05-29 08:35:07,951 ] 35 root - ERROR -Column count mismatch. Expected: 2, Got: 31
[ 2026-05-29 08:35:07,951 ] 35 root - ERROR -Column count mismatch. Expected: 2, Got: 31
[ 2026-05-29 08:35:08,148 ] 23 root - INFO -data Validation Completed
[ 2026-05-29 08:35:08,149 ] 26 root - INFO -data Transformation started
[ 2026-05-29 08:35:08,149 ] 56 root - INFO -entered initiate_data_transformation method of DataTransformation class
[ 2026-05-29 08:35:08,149 ] 58 root - INFO -starting datab transformation
[ 2026-05-29 08:35:08,167 ] 44 root - INFO -Entered get_data_transformer_object method of transformation class
[ 2026-05-29 08:35:08,167 ] 49 root - INFO -initialise KNNImputer with {'missing_values': nan, 'n_neighbors': 3, 'weights': 'uniform'}
[ 2026-05-29 08:35:08,183 ] 46 root - INFO -Entered the save_object method of mainutils class
[ 2026-05-29 08:35:08,189 ] 50 root - INFO -exited the save_object method of mainUtils class
[ 2026-05-29 08:35:08,189 ] 30 root - INFO -data Transformation completed
[ 2026-05-29 08:35:08,189 ] 32 root - INFO -Model Training started
