[ 2026-05-29 08:31:03,960 ] 1025 httpx - INFO -HTTP Request: GET https://dagshub.com/api/v1/user "HTTP/1.1 200 OK"
[ 2026-05-29 08:31:03,971 ] 107 dagshub - INFO -Accessing as pavani96-ai
[ 2026-05-29 08:31:05,303 ] 1025 httpx - INFO -HTTP Request: GET https://dagshub.com/api/v1/repos/pavani96-ai/network_security1 "HTTP/1.1 200 OK"
[ 2026-05-29 08:31:06,546 ] 1025 httpx - INFO -HTTP Request: GET https://dagshub.com/api/v1/user "HTTP/1.1 200 OK"
[ 2026-05-29 08:31:06,548 ] 107 dagshub - INFO -Initialized MLflow to track repo "pavani96-ai/network_security1"
[ 2026-05-29 08:31:06,549 ] 107 dagshub - INFO -Repository pavani96-ai/network_security1 initialized!
[ 2026-05-29 08:31:06,549 ] 16 root - INFO -initiate the data ingestion
[ 2026-05-29 08:31:24,170 ] 67 root - INFO -Performed train test split on the dataframe
[ 2026-05-29 08:31:24,170 ] 69 root - INFO -Exited split_data_as_train_test method of Data_Ingestion class
[ 2026-05-29 08:31:24,171 ] 77 root - INFO -Exporting train and test file path.
[ 2026-05-29 08:31:24,222 ] 86 root - INFO -Exported train and test file path.
[ 2026-05-29 08:31:24,229 ] 21 root - INFO -Initiate the data Validation
[ 2026-05-29 08:31:24,251 ] 35 root - ERROR -Column count mismatch. Expected: 2, Got: 31
[ 2026-05-29 08:31:24,251 ] 35 root - ERROR -Column count mismatch. Expected: 2, Got: 31
[ 2026-05-29 08:31:24,442 ] 23 root - INFO -data Validation Completed
[ 2026-05-29 08:31:24,442 ] 26 root - INFO -data Transformation started
[ 2026-05-29 08:31:24,442 ] 56 root - INFO -entered initiate_data_transformation method of DataTransformation class
[ 2026-05-29 08:31:24,442 ] 58 root - INFO -starting datab transformation
[ 2026-05-29 08:31:24,463 ] 44 root - INFO -Entered get_data_transformer_object method of transformation class
[ 2026-05-29 08:31:24,464 ] 49 root - INFO -initialise KNNImputer with {'missing_values': nan, 'n_neighbors': 3, 'weights': 'uniform'}
[ 2026-05-29 08:31:24,479 ] 46 root - INFO -Entered the save_object method of mainutils class
[ 2026-05-29 08:31:24,485 ] 50 root - INFO -exited the save_object method of mainUtils class
[ 2026-05-29 08:31:24,485 ] 30 root - INFO -data Transformation completed
[ 2026-05-29 08:31:24,485 ] 32 root - INFO -Model Training started
