[ 2026-05-29 08:36:20,712 ] 1025 httpx - INFO -HTTP Request: GET https://dagshub.com/api/v1/user "HTTP/1.1 200 OK"
[ 2026-05-29 08:36:20,725 ] 107 dagshub - INFO -Accessing as pavani96-ai
[ 2026-05-29 08:36:23,569 ] 1025 httpx - INFO -HTTP Request: GET https://dagshub.com/api/v1/repos/pavani96-ai/network_security1 "HTTP/1.1 200 OK"
[ 2026-05-29 08:36:24,999 ] 1025 httpx - INFO -HTTP Request: GET https://dagshub.com/api/v1/user "HTTP/1.1 200 OK"
[ 2026-05-29 08:36:25,002 ] 107 dagshub - INFO -Initialized MLflow to track repo "pavani96-ai/network_security1"
[ 2026-05-29 08:36:25,002 ] 107 dagshub - INFO -Repository pavani96-ai/network_security1 initialized!
[ 2026-05-29 08:36:25,003 ] 16 root - INFO -initiate the data ingestion
[ 2026-05-29 08:36:37,957 ] 67 root - INFO -Performed train test split on the dataframe
[ 2026-05-29 08:36:37,957 ] 69 root - INFO -Exited split_data_as_train_test method of Data_Ingestion class
[ 2026-05-29 08:36:37,959 ] 77 root - INFO -Exporting train and test file path.
[ 2026-05-29 08:36:38,027 ] 86 root - INFO -Exported train and test file path.
[ 2026-05-29 08:36:38,035 ] 21 root - INFO -Initiate the data Validation
[ 2026-05-29 08:36:38,059 ] 35 root - ERROR -Column count mismatch. Expected: 2, Got: 31
[ 2026-05-29 08:36:38,060 ] 35 root - ERROR -Column count mismatch. Expected: 2, Got: 31
[ 2026-05-29 08:36:38,242 ] 23 root - INFO -data Validation Completed
[ 2026-05-29 08:36:38,242 ] 26 root - INFO -data Transformation started
[ 2026-05-29 08:36:38,243 ] 56 root - INFO -entered initiate_data_transformation method of DataTransformation class
[ 2026-05-29 08:36:38,243 ] 58 root - INFO -starting datab transformation
[ 2026-05-29 08:36:38,267 ] 44 root - INFO -Entered get_data_transformer_object method of transformation class
[ 2026-05-29 08:36:38,267 ] 49 root - INFO -initialise KNNImputer with {'missing_values': nan, 'n_neighbors': 3, 'weights': 'uniform'}
[ 2026-05-29 08:36:38,286 ] 46 root - INFO -Entered the save_object method of mainutils class
[ 2026-05-29 08:36:38,292 ] 50 root - INFO -exited the save_object method of mainUtils class
[ 2026-05-29 08:36:38,292 ] 30 root - INFO -data Transformation completed
[ 2026-05-29 08:36:38,292 ] 32 root - INFO -Model Training started
