[ 2026-05-29 08:53:44,925 ] 1025 httpx - INFO -HTTP Request: GET https://dagshub.com/api/v1/user "HTTP/1.1 200 OK"
[ 2026-05-29 08:53:44,938 ] 107 dagshub - INFO -Accessing as pavani96-ai
[ 2026-05-29 08:53:46,582 ] 1025 httpx - INFO -HTTP Request: GET https://dagshub.com/api/v1/repos/pavani96-ai/network_security1 "HTTP/1.1 200 OK"
[ 2026-05-29 08:53:47,907 ] 1025 httpx - INFO -HTTP Request: GET https://dagshub.com/api/v1/user "HTTP/1.1 200 OK"
[ 2026-05-29 08:53:47,910 ] 107 dagshub - INFO -Initialized MLflow to track repo "pavani96-ai/network_security1"
[ 2026-05-29 08:53:47,911 ] 107 dagshub - INFO -Repository pavani96-ai/network_security1 initialized!
[ 2026-05-29 08:53:47,911 ] 16 root - INFO -initiate the data ingestion
[ 2026-05-29 08:54:01,102 ] 67 root - INFO -Performed train test split on the dataframe
[ 2026-05-29 08:54:01,102 ] 69 root - INFO -Exited split_data_as_train_test method of Data_Ingestion class
[ 2026-05-29 08:54:01,103 ] 77 root - INFO -Exporting train and test file path.
[ 2026-05-29 08:54:01,183 ] 86 root - INFO -Exported train and test file path.
[ 2026-05-29 08:54:01,191 ] 21 root - INFO -Initiate the data Validation
[ 2026-05-29 08:54:01,216 ] 35 root - ERROR -Column count mismatch. Expected: 2, Got: 31
[ 2026-05-29 08:54:01,216 ] 35 root - ERROR -Column count mismatch. Expected: 2, Got: 31
[ 2026-05-29 08:54:01,443 ] 23 root - INFO -data Validation Completed
[ 2026-05-29 08:54:01,444 ] 26 root - INFO -data Transformation started
[ 2026-05-29 08:54:01,444 ] 56 root - INFO -entered initiate_data_transformation method of DataTransformation class
[ 2026-05-29 08:54:01,444 ] 58 root - INFO -starting datab transformation
[ 2026-05-29 08:54:01,472 ] 44 root - INFO -Entered get_data_transformer_object method of transformation class
[ 2026-05-29 08:54:01,472 ] 49 root - INFO -initialise KNNImputer with {'missing_values': nan, 'n_neighbors': 3, 'weights': 'uniform'}
[ 2026-05-29 08:54:01,488 ] 46 root - INFO -Entered the save_object method of mainutils class
[ 2026-05-29 08:54:01,495 ] 50 root - INFO -exited the save_object method of mainUtils class
[ 2026-05-29 08:54:01,496 ] 30 root - INFO -data Transformation completed
[ 2026-05-29 08:54:01,496 ] 32 root - INFO -Model Training started
[ 2026-05-29 09:00:41,155 ] 46 root - INFO -Entered the save_object method of mainutils class
[ 2026-05-29 09:00:41,155 ] 50 root - INFO -exited the save_object method of mainUtils class
[ 2026-05-29 09:00:41,156 ] 46 root - INFO -Entered the save_object method of mainutils class
[ 2026-05-29 09:00:41,264 ] 50 root - INFO -exited the save_object method of mainUtils class
[ 2026-05-29 09:00:41,264 ] 152 root - INFO -Model trainer artifact: ModelTrainerArtifact(trained_model_file_path='Artifacts/05_29_2026_08_53_41/model_trainer/trained_model/model.pkl', train_metric_artifact=ClassificationMetricArtifact(f1_score=0.9910417715148465, precision_score=0.9893488745980707, recall_score=0.9927404718693285), test_metric_artifact=ClassificationMetricArtifact(f1_score=0.9766277128547579, precision_score=0.9766277128547579, recall_score=0.9766277128547579))
[ 2026-05-29 09:00:41,265 ] 37 root - INFO -Model Training completed
